<?xml version="1.0" encoding="UTF-8"?>
<!-- Generated by org.testng.reporters.JUnitXMLReporter -->
<testsuite ignored="0" hostname="NWCHNLAP003" failures="3" tests="52" name="Test" time="926.753" errors="0" timestamp="2022-08-09T12:44:37 IST">
  <testcase classname="p01_login_Non_SSO.TC01_ValidEmployeeid_Validpasswod" name="validEmployeeid_Validpasswod" time="13.023"/>
  <testcase classname="p01_login_Non_SSO.TC02_InvalidEmployeeid_Invalidpassword" name="invalidEmployeeid_Invalidpassword" time="7.49"/>
  <testcase classname="p01_login_Non_SSO.TC03_validEmployeeid_Invalidpassword" name="validEmployeeid_Invalidpassword" time="6.573"/>
  <testcase classname="p01_login_Non_SSO.TC04_InvalidEmployeeid_ValidPassword" name="invalidEmployeeid_ValidPassword" time="6.545"/>
  <testcase classname="p01_login_Non_SSO.TC05_validGlobalid_validpassword" name="validGlobalid_validpassword" time="7.854"/>
  <testcase classname="p01_login_Non_SSO.TC06_InvalidGlobalid_Invalidpassword" name="invalidGlobalid_Invalidpassword" time="6.307"/>
  <testcase classname="p01_login_Non_SSO.TC07_validGlobalid_Invalidpassword" name="validGlobalid_Invalidpassword" time="7.043"/>
  <testcase classname="p01_login_Non_SSO.TC08_InvalidGlobalid_ValidPassword" name="invalidGlobalid_ValidPassword" time="6.616"/>
  <testcase classname="p01_login_Non_SSO.TC13_Remember_me" name="remember_Me" time="9.682"/>
  <testcase classname="p01_login_Non_SSO.TC14_Forgotpassword" name="forgotPassword" time="32.577"/>
  <testcase classname="p01_login_Non_SSO.TC15_Back_to_Login" name="back_To_Login" time="6.496"/>
  <testcase classname="p03_Proxy.TC1ProxyUser" name="proxyUser" time="55.736">
    <failure type="java.lang.AssertionError" message="Test case failed-Proxy widget failed expected [false] but found [true]">
      <![CDATA[java.lang.AssertionError: Test case failed-Proxy widget failed expected [false] but found [true]
at p03_Proxy.TC1ProxyUser.proxyUser(TC1ProxyUser.java:64)
at java.base/java.util.ArrayList.forEach(ArrayList.java:1511)
... Removed 30 stack frames]]>
    </failure>
  </testcase> <!-- proxyUser -->
  <testcase classname="p03_Proxy.TC2ProxyWithoutKeyingUser" name="proxyWithoutkeyinguser" time="12.162"/>
  <testcase classname="p03_Proxy.TC3ResetButtonProxy" name="resetButtonProxy" time="14.36"/>
  <testcase classname="p03_Proxy.TC4CloseButtonProxy" name="closeButtonProxy" time="10.7"/>
  <testcase classname="p04_delegate.TC01_DelegatePageOpen" name="delegatePageOpen" time="12.348"/>
  <testcase classname="p04_delegate.TC02_CreateDelegation" name="createDelegation" time="24.695"/>
  <testcase classname="p04_delegate.TC03_MailTriggerDelegation" name="mailTriggerDelegation" time="84.634">
    <failure type="org.openqa.selenium.TimeoutException" message="Expected condition failed: waiting for visibility of element located by By.xpath: //input[@id=&amp;apos;i0118&amp;apos;] (tried for 30 second(s) with 500 milliseconds interval)
Build info: version: &amp;apos;4.3.0&amp;apos;, revision: &amp;apos;a4995e2c09*&amp;apos;
System info: host: &amp;apos;NWCHNLAP003&amp;apos;, ip: &amp;apos;192.168.51.142&amp;apos;, os.name: &amp;apos;Windows 10&amp;apos;, os.arch: &amp;apos;amd64&amp;apos;, os.version: &amp;apos;10.0&amp;apos;, java.version: &amp;apos;18.0.1.1&amp;apos;
Driver info: org.openqa.selenium.chrome.ChromeDriver
Capabilities {acceptInsecureCerts: false, browserName: chrome, browserVersion: 103.0.5060.134, chrome: {chromedriverVersion: 103.0.5060.134 (8ec6fce403b..., userDataDir: C:\Users\ET1198\AppData\Loc...}, goog:chromeOptions: {debuggerAddress: localhost:63902}, networkConnectionEnabled: false, pageLoadStrategy: normal, platformName: WINDOWS, proxy: Proxy(), se:cdp: ws://localhost:63902/devtoo..., se:cdpVersion: 103.0.5060.134, setWindowRect: true, strictFileInteractability: false, timeouts: {implicit: 0, pageLoad: 300000, script: 30000}, unhandledPromptBehavior: dismiss and notify, webauthn:extension:credBlob: true, webauthn:extension:largeBlob: true, webauthn:virtualAuthenticators: true}
Session ID: b1363f77279f7f08c90bdcdd8461cb01">
      <![CDATA[org.openqa.selenium.TimeoutException: Expected condition failed: waiting for visibility of element located by By.xpath: //input[@id='i0118'] (tried for 30 second(s) with 500 milliseconds interval)
Build info: version: '4.3.0', revision: 'a4995e2c09*'
System info: host: 'NWCHNLAP003', ip: '192.168.51.142', os.name: 'Windows 10', os.arch: 'amd64', os.version: '10.0', java.version: '18.0.1.1'
Driver info: org.openqa.selenium.chrome.ChromeDriver
Capabilities {acceptInsecureCerts: false, browserName: chrome, browserVersion: 103.0.5060.134, chrome: {chromedriverVersion: 103.0.5060.134 (8ec6fce403b..., userDataDir: C:\Users\ET1198\AppData\Loc...}, goog:chromeOptions: {debuggerAddress: localhost:63902}, networkConnectionEnabled: false, pageLoadStrategy: normal, platformName: WINDOWS, proxy: Proxy(), se:cdp: ws://localhost:63902/devtoo..., se:cdpVersion: 103.0.5060.134, setWindowRect: true, strictFileInteractability: false, timeouts: {implicit: 0, pageLoad: 300000, script: 30000}, unhandledPromptBehavior: dismiss and notify, webauthn:extension:credBlob: true, webauthn:extension:largeBlob: true, webauthn:virtualAuthenticators: true}
Session ID: b1363f77279f7f08c90bdcdd8461cb01
at org.openqa.selenium.support.ui.WebDriverWait.timeoutException(WebDriverWait.java:87)
at org.openqa.selenium.support.ui.FluentWait.until(FluentWait.java:231)
at p04_delegate.TC03_MailTriggerDelegation.mailTriggerDelegation(TC03_MailTriggerDelegation.java:81)
at java.base/java.util.ArrayList.forEach(ArrayList.java:1511)
... Removed 25 stack frames]]>
    </failure>
  </testcase> <!-- mailTriggerDelegation -->
  <testcase classname="p04_delegate.TC04_PastDateCreateDelegation" name="pastDateCreateDelegation" time="14.427"/>
  <testcase classname="p04_delegate.TC05_CreateDelegationWithoutMandatory" name="createDelegationWithoutMandatory" time="16.205"/>
  <testcase classname="p04_delegate.TC06_ResetDelegate" name="resetDelegate" time="18.933"/>
  <testcase classname="p04_delegate.TC07_ClosebuttonDelegateTo" name="closeButtonDelegateTo" time="18.474"/>
  <testcase classname="p04_delegate.TC08_DelegateHistoryOnme" name="delegateHistoryOnme" time="12.568"/>
  <testcase classname="p04_delegate.TC09_DelegateHistoryByme" name="delegateHistoryByme" time="10.593"/>
  <testcase classname="p04_delegate.TC10_DelegationOnme" name="delegationOnme" time="9.958"/>
  <testcase classname="p04_delegate.TC11_DelegationByme" name="delegationByme" time="10.21"/>
  <testcase classname="p04_delegate.TC12_EndDelegation" name="EndDelegation" time="71.425"/>
  <testcase classname="p04_delegate.TC13_cancelEndDelegation" name="cancelEndDelegation" time="11.432"/>
  <testcase classname="p04_delegate.TC14_DelegateTabSwitch" name="delegateHistoryTabSwitch" time="13.432"/>
  <testcase classname="p04_delegate.TC15OopsNoDelegations" name="opsNoDelegations" time="9.904"/>
  <testcase classname="p04_delegate.TC16DelegatePageClose" name="delegatePageClose" time="11.199"/>
  <testcase classname="p05_setting.TC1_SettingPageOpen" name="settingPageOpen" time="10.124"/>
  <testcase classname="p05_setting.TC2_ThemeSettings" name="themeSetting" time="24.941">
    <failure type="java.lang.AssertionError" message="expected [#28d79e] but found [#007ee5]">
      <![CDATA[java.lang.AssertionError: expected [#28d79e] but found [#007ee5]
at p05_setting.TC2_ThemeSettings.themeSetting(TC2_ThemeSettings.java:34)
at java.base/java.util.ArrayList.forEach(ArrayList.java:1511)
... Removed 31 stack frames]]>
    </failure>
  </testcase> <!-- themeSetting -->
  <testcase classname="p05_setting.TC3_SettingLanguage" name="settingLanguage" time="17.217"/>
  <testcase classname="p05_setting.TC6_SettingPageClose" name="settingPageClose" time="11.193"/>
  <testcase classname="p06_Profile_Tab.TC01_Profile_tab_open" name="Profile_tab_open" time="11.589"/>
  <testcase classname="p06_Profile_Tab.TC02_Approle_open" name="Approle_open" time="11.767"/>
  <testcase classname="p06_Profile_Tab.TC03_Switch_Role" name="Switch_Role" time="15.507"/>
  <testcase classname="p06_Profile_Tab.TC04_Toggle_Freeze" name="Toggle_Freeze" time="11.257"/>
  <testcase classname="p06_Profile_Tab.TC05_Profile_tab_close" name="Profile_tab_close" time="9.742"/>
  <testcase classname="p07_widgetview.TC1_OpenWidget" name="openWidget" time="18.28"/>
  <testcase classname="p07_widgetview.TC2_SwitchAllApplicationRecent" name="switchAllApplicationRecent" time="9.195"/>
  <testcase classname="p09_Search.TC01_Search_Widget" name="searchWidget" time="14.985"/>
  <testcase classname="p09_Search.TC02_Search_close" name="searchClose" time="14.475"/>
  <testcase classname="p10_notification.TC01_Open_notificationpage" name="openNotificationPage" time="12.946"/>
  <testcase classname="p10_notification.TC02_Switch_Application_notification" name="switchApplicationNotification" time="11.784"/>
  <testcase classname="p10_notification.TC03_FilterNotification" name="filterNotification" time="11.312"/>
  <testcase classname="p10_notification.TC04_ResetFilterNotification" name="filterNotification" time="13.258"/>
  <testcase classname="p10_notification.TC05_SearchNotification" name="filterNotification" time="14.412"/>
  <testcase classname="p10_notification.TC06_NoNotifications" name="noNotifications" time="13.664"/>
  <testcase classname="p10_notification.TC07_Closenotification" name="closeNotification" time="14.686"/>
  <testcase classname="p11_logout.TC01_Logout" name="logout" time="14.566"/>
</testsuite> <!-- Test -->
